<?xml version="1.0" encoding="UTF-8"?>
<coverage generated="1786357330724" clover="3.2.0">
  <project timestamp="1786357330724" name="All files">
    <metrics statements="68" coveredstatements="65" conditionals="47" coveredconditionals="43" methods="30" coveredmethods="26" elements="145" coveredelements="134" complexity="0" loc="68" ncloc="68" packages="1" files="5" classes="5"/>
    <file name="MovieCard.tsx" path="/Users/soporte/MovieFinder/src/components/MovieCard.tsx">
      <metrics statements="9" coveredstatements="8" conditionals="6" coveredconditionals="6" methods="3" coveredmethods="2"/>
      <line num="10" count="10" type="stmt"/>
      <line num="11" count="10" type="stmt"/>
      <line num="13" count="10" type="stmt"/>
      <line num="14" count="3" type="cond" truecount="2" falsecount="0"/>
      <line num="15" count="2" type="stmt"/>
      <line num="16" count="2" type="stmt"/>
      <line num="23" count="10" type="cond" truecount="2" falsecount="0"/>
      <line num="27" count="10" type="stmt"/>
      <line num="28" count="0" type="stmt"/>
    </file>
    <file name="MovieDetail.tsx" path="/Users/soporte/MovieFinder/src/components/MovieDetail.tsx">
      <metrics statements="52" coveredstatements="50" conditionals="41" coveredconditionals="37" methods="20" coveredmethods="17"/>
      <line num="13" count="1" type="stmt"/>
      <line num="14" count="1" type="stmt"/>
      <line num="15" count="1" type="stmt"/>
      <line num="16" count="1" type="stmt"/>
      <line num="17" count="1" type="stmt"/>
      <line num="18" count="1" type="stmt"/>
      <line num="21" count="19" type="stmt"/>
      <line num="22" count="19" type="stmt"/>
      <line num="23" count="19" type="stmt"/>
      <line num="24" count="19" type="stmt"/>
      <line num="25" count="19" type="stmt"/>
      <line num="26" count="19" type="stmt"/>
      <line num="27" count="19" type="stmt"/>
      <line num="28" count="19" type="stmt"/>
      <line num="29" count="19" type="stmt"/>
      <line num="31" count="19" type="stmt"/>
      <line num="32" count="9" type="stmt"/>
      <line num="33" count="9" type="stmt"/>
      <line num="34" count="9" type="stmt"/>
      <line num="49" count="7" type="stmt"/>
      <line num="50" count="7" type="stmt"/>
      <line num="52" count="14" type="stmt"/>
      <line num="53" count="7" type="stmt"/>
      <line num="54" count="14" type="cond" truecount="3" falsecount="0"/>
      <line num="56" count="7" type="stmt"/>
      <line num="58" count="7" type="stmt"/>
      <line num="60" count="7" type="stmt"/>
      <line num="61" count="7" type="cond" truecount="2" falsecount="0"/>
      <line num="62" count="7" type="cond" truecount="2" falsecount="0"/>
      <line num="63" count="1" type="stmt"/>
      <line num="66" count="1" type="cond" truecount="0" falsecount="2"/>
      <line num="68" count="7" type="cond" truecount="2" falsecount="0"/>
      <line num="71" count="1" type="stmt"/>
      <line num="73" count="8" type="stmt"/>
      <line num="77" count="9" type="stmt"/>
      <line num="78" count="9" type="stmt"/>
      <line num="81" count="19" type="cond" truecount="2" falsecount="0"/>
      <line num="82" count="10" type="cond" truecount="2" falsecount="0"/>
      <line num="84" count="9" type="stmt"/>
      <line num="93" count="1" type="stmt"/>
      <line num="114" count="9" type="stmt"/>
      <line num="120" count="9" type="stmt"/>
      <line num="123" count="9" type="stmt"/>
      <line num="126" count="9" type="stmt"/>
      <line num="129" count="9" type="stmt"/>
      <line num="133" count="1" type="stmt"/>
      <line num="145" count="9" type="stmt"/>
      <line num="169" count="9" type="stmt"/>
      <line num="172" count="0" type="stmt"/>
      <line num="194" count="0" type="stmt"/>
      <line num="195" count="1" type="stmt"/>
      <line num="196" count="1" type="stmt"/>
    </file>
    <file name="MovieGrid.tsx" path="/Users/soporte/MovieFinder/src/components/MovieGrid.tsx">
      <metrics statements="2" coveredstatements="2" conditionals="0" coveredconditionals="0" methods="2" coveredmethods="2"/>
      <line num="10" count="4" type="stmt"/>
      <line num="13" count="5" type="stmt"/>
    </file>
    <file name="Pagination.tsx" path="/Users/soporte/MovieFinder/src/components/Pagination.tsx">
      <metrics statements="3" coveredstatements="3" conditionals="0" coveredconditionals="0" methods="3" coveredmethods="3"/>
      <line num="8" count="6" type="stmt"/>
      <line num="12" count="1" type="stmt"/>
      <line num="22" count="1" type="stmt"/>
    </file>
    <file name="SearchBar.tsx" path="/Users/soporte/MovieFinder/src/components/SearchBar.tsx">
      <metrics statements="2" coveredstatements="2" conditionals="0" coveredconditionals="0" methods="2" coveredmethods="2"/>
      <line num="7" count="2" type="stmt"/>
      <line num="13" count="4" type="stmt"/>
    </file>
  </project>
</coverage>
