{"/Users/soporte/MovieFinder/src/components/MovieCard.tsx": {"path":"/Users/soporte/MovieFinder/src/components/MovieCard.tsx","statementMap":{"0":{"start":{"line":10,"column":8},"end":{"line":10,"column":null}},"1":{"start":{"line":11,"column":18},"end":{"line":11,"column":null}},"2":{"start":{"line":13,"column":8},"end":{"line":21,"column":null}},"3":{"start":{"line":14,"column":4},"end":{"line":14,"column":null}},"4":{"start":{"line":14,"column":18},"end":{"line":14,"column":null}},"5":{"start":{"line":15,"column":17},"end":{"line":15,"column":null}},"6":{"start":{"line":16,"column":4},"end":{"line":20,"column":null}},"7":{"start":{"line":23,"column":22},"end":{"line":25,"column":null}},"8":{"start":{"line":27,"column":2},"end":{"line":39,"column":null}},"9":{"start":{"line":28,"column":47},"end":{"line":28,"column":null}}},"fnMap":{"0":{"name":"MovieCard","decl":{"start":{"line":9,"column":9},"end":{"line":9,"column":19}},"loc":{"start":{"line":9,"column":61},"end":{"line":41,"column":null}},"line":9},"1":{"name":"(anonymous_1)","decl":{"start":{"line":13,"column":8},"end":{"line":13,"column":22}},"loc":{"start":{"line":13,"column":50},"end":{"line":21,"column":null}},"line":13},"2":{"name":"(anonymous_2)","decl":{"start":{"line":28,"column":32},"end":{"line":28,"column":47}},"loc":{"start":{"line":28,"column":47},"end":{"line":28,"column":null}},"line":28}},"branchMap":{"0":{"loc":{"start":{"line":14,"column":4},"end":{"line":14,"column":null}},"type":"if","locations":[{"start":{"line":14,"column":4},"end":{"line":14,"column":null}},{"start":{},"end":{}}],"line":14},"1":{"loc":{"start":{"line":23,"column":22},"end":{"line":25,"column":null}},"type":"cond-expr","locations":[{"start":{"line":24,"column":6},"end":{"line":24,"column":null}},{"start":{"line":25,"column":6},"end":{"line":25,"column":null}}],"line":23},"2":{"loc":{"start":{"line":29,"column":7},"end":{"line":34,"column":7}},"type":"cond-expr","locations":[{"start":{"line":30,"column":8},"end":{"line":32,"column":9}},{"start":{"line":32,"column":8},"end":{"line":34,"column":7}}],"line":29}},"s":{"0":10,"1":10,"2":10,"3":3,"4":1,"5":2,"6":2,"7":10,"8":10,"9":0},"f":{"0":10,"1":3,"2":0},"b":{"0":[1,2],"1":[3,7],"2":[4,6]},"meta":{"lastBranch":3,"lastFunction":3,"lastStatement":10,"seen":{"f:9:9:9:19":0,"s:10:8:10:Infinity":0,"s:11:18:11:Infinity":1,"s:13:8:21:Infinity":2,"f:13:8:13:22":1,"b:14:4:14:Infinity:undefined:undefined:undefined:undefined":0,"s:14:4:14:Infinity":3,"s:14:18:14:Infinity":4,"s:15:17:15:Infinity":5,"s:16:4:20:Infinity":6,"s:23:22:25:Infinity":7,"b:24:6:24:Infinity:25:6:25:Infinity":1,"s:27:2:39:Infinity":8,"f:28:32:28:47":2,"s:28:47:28:Infinity":9,"b:30:8:32:9:32:8:34:7":2},"fnNames":{}}}
,"/Users/soporte/MovieFinder/src/components/MovieDetail.tsx": {"path":"/Users/soporte/MovieFinder/src/components/MovieDetail.tsx","statementMap":{"0":{"start":{"line":13,"column":16},"end":{"line":13,"column":null}},"1":{"start":{"line":14,"column":17},"end":{"line":14,"column":null}},"2":{"start":{"line":15,"column":17},"end":{"line":15,"column":null}},"3":{"start":{"line":16,"column":22},"end":{"line":16,"column":null}},"4":{"start":{"line":17,"column":21},"end":{"line":17,"column":null}},"5":{"start":{"line":18,"column":20},"end":{"line":18,"column":null}},"6":{"start":{"line":21,"column":10},"end":{"line":21,"column":null}},"7":{"start":{"line":22,"column":8},"end":{"line":22,"column":null}},"8":{"start":{"line":23,"column":16},"end":{"line":23,"column":null}},"9":{"start":{"line":24,"column":15},"end":{"line":24,"column":null}},"10":{"start":{"line":25,"column":15},"end":{"line":25,"column":null}},"11":{"start":{"line":26,"column":18},"end":{"line":26,"column":null}},"12":{"start":{"line":27,"column":21},"end":{"line":27,"column":null}},"13":{"start":{"line":28,"column":22},"end":{"line":28,"column":null}},"14":{"start":{"line":29,"column":18},"end":{"line":29,"column":null}},"15":{"start":{"line":31,"column":2},"end":{"line":79,"column":null}},"16":{"start":{"line":32,"column":22},"end":{"line":75,"column":null}},"17":{"start":{"line":33,"column":6},"end":{"line":74,"column":null}},"18":{"start":{"line":34,"column":62},"end":{"line":47,"column":null}},"19":{"start":{"line":49,"column":8},"end":{"line":49,"column":null}},"20":{"start":{"line":50,"column":8},"end":{"line":50,"column":null}},"21":{"start":{"line":52,"column":26},"end":{"line":52,"column":null}},"22":{"start":{"line":52,"column":59},"end":{"line":52,"column":79}},"23":{"start":{"line":53,"column":24},"end":{"line":55,"column":null}},"24":{"start":{"line":54,"column":10},"end":{"line":54,"column":null}},"25":{"start":{"line":56,"column":8},"end":{"line":56,"column":null}},"26":{"start":{"line":58,"column":8},"end":{"line":58,"column":null}},"27":{"start":{"line":60,"column":23},"end":{"line":60,"column":null}},"28":{"start":{"line":61,"column":22},"end":{"line":61,"column":null}},"29":{"start":{"line":61,"column":39},"end":{"line":61,"column":83}},"30":{"start":{"line":62,"column":8},"end":{"line":67,"column":null}},"31":{"start":{"line":63,"column":27},"end":{"line":65,"column":null}},"32":{"start":{"line":66,"column":10},"end":{"line":66,"column":null}},"33":{"start":{"line":66,"column":52},"end":{"line":66,"column":96}},"34":{"start":{"line":68,"column":8},"end":{"line":68,"column":null}},"35":{"start":{"line":68,"column":21},"end":{"line":68,"column":null}},"36":{"start":{"line":71,"column":8},"end":{"line":71,"column":null}},"37":{"start":{"line":73,"column":8},"end":{"line":73,"column":null}},"38":{"start":{"line":77,"column":4},"end":{"line":77,"column":null}},"39":{"start":{"line":78,"column":4},"end":{"line":78,"column":null}},"40":{"start":{"line":81,"column":2},"end":{"line":81,"column":null}},"41":{"start":{"line":81,"column":15},"end":{"line":81,"column":null}},"42":{"start":{"line":82,"column":2},"end":{"line":82,"column":null}},"43":{"start":{"line":82,"column":14},"end":{"line":82,"column":null}},"44":{"start":{"line":84,"column":2},"end":{"line":206,"column":null}},"45":{"start":{"line":93,"column":52},"end":{"line":93,"column":65}},"46":{"start":{"line":114,"column":16},"end":{"line":114,"column":null}},"47":{"start":{"line":120,"column":91},"end":{"line":120,"column":97}},"48":{"start":{"line":123,"column":85},"end":{"line":123,"column":91}},"49":{"start":{"line":126,"column":98},"end":{"line":126,"column":104}},"50":{"start":{"line":129,"column":104},"end":{"line":129,"column":110}},"51":{"start":{"line":133,"column":61},"end":{"line":133,"column":82}},"52":{"start":{"line":145,"column":16},"end":{"line":158,"column":null}},"53":{"start":{"line":169,"column":16},"end":{"line":186,"column":null}},"54":{"start":{"line":172,"column":33},"end":{"line":172,"column":null}},"55":{"start":{"line":194,"column":54},"end":{"line":194,"column":null}},"56":{"start":{"line":195,"column":57},"end":{"line":195,"column":null}},"57":{"start":{"line":196,"column":61},"end":{"line":196,"column":84}}},"fnMap":{"0":{"name":"MovieDetail","decl":{"start":{"line":20,"column":9},"end":{"line":20,"column":23}},"loc":{"start":{"line":20,"column":23},"end":{"line":208,"column":null}},"line":20},"1":{"name":"(anonymous_1)","decl":{"start":{"line":31,"column":2},"end":{"line":31,"column":18}},"loc":{"start":{"line":31,"column":18},"end":{"line":79,"column":5}},"line":31},"2":{"name":"(anonymous_2)","decl":{"start":{"line":32,"column":22},"end":{"line":32,"column":49}},"loc":{"start":{"line":32,"column":49},"end":{"line":75,"column":null}},"line":32},"3":{"name":"(anonymous_3)","decl":{"start":{"line":52,"column":47},"end":{"line":52,"column":54}},"loc":{"start":{"line":52,"column":59},"end":{"line":52,"column":79}},"line":52},"4":{"name":"(anonymous_4)","decl":{"start":{"line":53,"column":45},"end":{"line":53,"column":52}},"loc":{"start":{"line":54,"column":10},"end":{"line":54,"column":null}},"line":54},"5":{"name":"(anonymous_5)","decl":{"start":{"line":61,"column":29},"end":{"line":61,"column":34}},"loc":{"start":{"line":61,"column":39},"end":{"line":61,"column":83}},"line":61},"6":{"name":"(anonymous_6)","decl":{"start":{"line":66,"column":42},"end":{"line":66,"column":47}},"loc":{"start":{"line":66,"column":52},"end":{"line":66,"column":96}},"line":66},"7":{"name":"(anonymous_7)","decl":{"start":{"line":93,"column":37},"end":{"line":93,"column":52}},"loc":{"start":{"line":93,"column":52},"end":{"line":93,"column":65}},"line":93},"8":{"name":"(anonymous_8)","decl":{"start":{"line":113,"column":29},"end":{"line":113,"column":33}},"loc":{"start":{"line":114,"column":16},"end":{"line":114,"column":null}},"line":114},"9":{"name":"(anonymous_9)","decl":{"start":{"line":120,"column":82},"end":{"line":120,"column":86}},"loc":{"start":{"line":120,"column":91},"end":{"line":120,"column":97}},"line":120},"10":{"name":"(anonymous_10)","decl":{"start":{"line":123,"column":76},"end":{"line":123,"column":80}},"loc":{"start":{"line":123,"column":85},"end":{"line":123,"column":91}},"line":123},"11":{"name":"(anonymous_11)","decl":{"start":{"line":126,"column":89},"end":{"line":126,"column":93}},"loc":{"start":{"line":126,"column":98},"end":{"line":126,"column":104}},"line":126},"12":{"name":"(anonymous_12)","decl":{"start":{"line":129,"column":95},"end":{"line":129,"column":99}},"loc":{"start":{"line":129,"column":104},"end":{"line":129,"column":110}},"line":129},"13":{"name":"(anonymous_13)","decl":{"start":{"line":133,"column":46},"end":{"line":133,"column":61}},"loc":{"start":{"line":133,"column":61},"end":{"line":133,"column":82}},"line":133},"14":{"name":"(anonymous_14)","decl":{"start":{"line":144,"column":20},"end":{"line":144,"column":24}},"loc":{"start":{"line":145,"column":16},"end":{"line":158,"column":null}},"line":145},"15":{"name":"(anonymous_15)","decl":{"start":{"line":168,"column":23},"end":{"line":168,"column":27}},"loc":{"start":{"line":169,"column":16},"end":{"line":186,"column":null}},"line":169},"16":{"name":"(anonymous_16)","decl":{"start":{"line":172,"column":18},"end":{"line":172,"column":33}},"loc":{"start":{"line":172,"column":33},"end":{"line":172,"column":null}},"line":172},"17":{"name":"(anonymous_17)","decl":{"start":{"line":194,"column":39},"end":{"line":194,"column":54}},"loc":{"start":{"line":194,"column":54},"end":{"line":194,"column":null}},"line":194},"18":{"name":"(anonymous_18)","decl":{"start":{"line":195,"column":43},"end":{"line":195,"column":52}},"loc":{"start":{"line":195,"column":57},"end":{"line":195,"column":null}},"line":195},"19":{"name":"(anonymous_19)","decl":{"start":{"line":196,"column":46},"end":{"line":196,"column":61}},"loc":{"start":{"line":196,"column":61},"end":{"line":196,"column":84}},"line":196}},"branchMap":{"0":{"loc":{"start":{"line":54,"column":10},"end":{"line":54,"column":null}},"type":"binary-expr","locations":[{"start":{"line":54,"column":10},"end":{"line":54,"column":36}},{"start":{"line":54,"column":36},"end":{"line":54,"column":58}},{"start":{"line":54,"column":58},"end":{"line":54,"column":null}}],"line":54},"1":{"loc":{"start":{"line":61,"column":39},"end":{"line":61,"column":83}},"type":"binary-expr","locations":[{"start":{"line":61,"column":39},"end":{"line":61,"column":63}},{"start":{"line":61,"column":63},"end":{"line":61,"column":83}}],"line":61},"2":{"loc":{"start":{"line":62,"column":8},"end":{"line":67,"column":null}},"type":"if","locations":[{"start":{"line":62,"column":8},"end":{"line":67,"column":null}},{"start":{},"end":{}}],"line":62},"3":{"loc":{"start":{"line":66,"column":52},"end":{"line":66,"column":96}},"type":"binary-expr","locations":[{"start":{"line":66,"column":52},"end":{"line":66,"column":76}},{"start":{"line":66,"column":76},"end":{"line":66,"column":96}}],"line":66},"4":{"loc":{"start":{"line":68,"column":8},"end":{"line":68,"column":null}},"type":"if","locations":[{"start":{"line":68,"column":8},"end":{"line":68,"column":null}},{"start":{},"end":{}}],"line":68},"5":{"loc":{"start":{"line":81,"column":2},"end":{"line":81,"column":null}},"type":"if","locations":[{"start":{"line":81,"column":2},"end":{"line":81,"column":null}},{"start":{},"end":{}}],"line":81},"6":{"loc":{"start":{"line":82,"column":2},"end":{"line":82,"column":null}},"type":"if","locations":[{"start":{"line":82,"column":2},"end":{"line":82,"column":null}},{"start":{},"end":{}}],"line":82},"7":{"loc":{"start":{"line":86,"column":7},"end":{"line":90,"column":null}},"type":"binary-expr","locations":[{"start":{"line":86,"column":7},"end":{"line":86,"column":null}},{"start":{"line":87,"column":8},"end":{"line":90,"column":null}}],"line":86},"8":{"loc":{"start":{"line":97,"column":11},"end":{"line":104,"column":11}},"type":"binary-expr","locations":[{"start":{"line":97,"column":11},"end":{"line":97,"column":null}},{"start":{"line":98,"column":12},"end":{"line":104,"column":11}}],"line":97},"9":{"loc":{"start":{"line":106,"column":13},"end":{"line":106,"column":null}},"type":"binary-expr","locations":[{"start":{"line":106,"column":13},"end":{"line":106,"column":30}},{"start":{"line":106,"column":30},"end":{"line":106,"column":null}}],"line":106},"10":{"loc":{"start":{"line":119,"column":15},"end":{"line":120,"column":null}},"type":"binary-expr","locations":[{"start":{"line":119,"column":15},"end":{"line":119,"column":null}},{"start":{"line":120,"column":16},"end":{"line":120,"column":null}}],"line":119},"11":{"loc":{"start":{"line":122,"column":15},"end":{"line":123,"column":null}},"type":"binary-expr","locations":[{"start":{"line":122,"column":15},"end":{"line":122,"column":null}},{"start":{"line":123,"column":16},"end":{"line":123,"column":null}}],"line":122},"12":{"loc":{"start":{"line":125,"column":15},"end":{"line":126,"column":null}},"type":"binary-expr","locations":[{"start":{"line":125,"column":15},"end":{"line":125,"column":null}},{"start":{"line":126,"column":16},"end":{"line":126,"column":null}}],"line":125},"13":{"loc":{"start":{"line":128,"column":15},"end":{"line":129,"column":null}},"type":"binary-expr","locations":[{"start":{"line":128,"column":15},"end":{"line":128,"column":null}},{"start":{"line":129,"column":16},"end":{"line":129,"column":null}}],"line":128},"14":{"loc":{"start":{"line":132,"column":13},"end":{"line":135,"column":null}},"type":"binary-expr","locations":[{"start":{"line":132,"column":13},"end":{"line":132,"column":null}},{"start":{"line":133,"column":14},"end":{"line":135,"column":null}}],"line":132},"15":{"loc":{"start":{"line":140,"column":9},"end":{"line":161,"column":null}},"type":"binary-expr","locations":[{"start":{"line":140,"column":9},"end":{"line":140,"column":null}},{"start":{"line":141,"column":10},"end":{"line":161,"column":null}}],"line":140},"16":{"loc":{"start":{"line":146,"column":19},"end":{"line":154,"column":19}},"type":"cond-expr","locations":[{"start":{"line":147,"column":20},"end":{"line":152,"column":21}},{"start":{"line":152,"column":20},"end":{"line":154,"column":19}}],"line":146},"17":{"loc":{"start":{"line":164,"column":9},"end":{"line":189,"column":null}},"type":"binary-expr","locations":[{"start":{"line":164,"column":9},"end":{"line":164,"column":null}},{"start":{"line":165,"column":10},"end":{"line":189,"column":null}}],"line":164},"18":{"loc":{"start":{"line":174,"column":19},"end":{"line":182,"column":19}},"type":"cond-expr","locations":[{"start":{"line":175,"column":20},"end":{"line":180,"column":21}},{"start":{"line":180,"column":20},"end":{"line":182,"column":19}}],"line":174},"19":{"loc":{"start":{"line":193,"column":7},"end":{"line":204,"column":null}},"type":"binary-expr","locations":[{"start":{"line":193,"column":7},"end":{"line":193,"column":null}},{"start":{"line":194,"column":8},"end":{"line":204,"column":null}}],"line":193}},"s":{"0":1,"1":1,"2":1,"3":1,"4":1,"5":1,"6":19,"7":19,"8":19,"9":19,"10":19,"11":19,"12":19,"13":19,"14":19,"15":19,"16":9,"17":9,"18":9,"19":7,"20":7,"21":7,"22":14,"23":7,"24":14,"25":7,"26":7,"27":7,"28":7,"29":6,"30":7,"31":1,"32":1,"33":0,"34":7,"35":6,"36":1,"37":8,"38":9,"39":9,"40":19,"41":9,"42":10,"43":1,"44":9,"45":1,"46":9,"47":9,"48":9,"49":9,"50":9,"51":1,"52":9,"53":9,"54":0,"55":0,"56":1,"57":1},"f":{"0":19,"1":9,"2":9,"3":14,"4":14,"5":6,"6":0,"7":1,"8":9,"9":9,"10":9,"11":9,"12":9,"13":1,"14":9,"15":9,"16":0,"17":0,"18":1,"19":1},"b":{"0":[14,14,7],"1":[6,6],"2":[1,6],"3":[0,0],"4":[6,1],"5":[9,10],"6":[1,9],"7":[9,9],"8":[19,9],"9":[19,9],"10":[19,9],"11":[19,9],"12":[19,9],"13":[19,9],"14":[19,8],"15":[19,9],"16":[0,9],"17":[19,9],"18":[0,9],"19":[19,1]},"meta":{"lastBranch":20,"lastFunction":20,"lastStatement":58,"seen":{"s:13:16:13:Infinity":0,"s:14:17:14:Infinity":1,"s:15:17:15:Infinity":2,"s:16:22:16:Infinity":3,"s:17:21:17:Infinity":4,"s:18:20:18:Infinity":5,"f:20:9:20:23":0,"s:21:10:21:Infinity":6,"s:22:8:22:Infinity":7,"s:23:16:23:Infinity":8,"s:24:15:24:Infinity":9,"s:25:15:25:Infinity":10,"s:26:18:26:Infinity":11,"s:27:21:27:Infinity":12,"s:28:22:28:Infinity":13,"s:29:18:29:Infinity":14,"s:31:2:79:Infinity":15,"f:31:2:31:18":1,"s:32:22:75:Infinity":16,"f:32:22:32:49":2,"s:33:6:74:Infinity":17,"s:34:62:47:Infinity":18,"s:49:8:49:Infinity":19,"s:50:8:50:Infinity":20,"s:52:26:52:Infinity":21,"f:52:47:52:54":3,"s:52:59:52:79":22,"s:53:24:55:Infinity":23,"f:53:45:53:52":4,"s:54:10:54:Infinity":24,"b:54:10:54:36:54:36:54:58:54:58:54:Infinity":0,"s:56:8:56:Infinity":25,"s:58:8:58:Infinity":26,"s:60:23:60:Infinity":27,"s:61:22:61:Infinity":28,"f:61:29:61:34":5,"s:61:39:61:83":29,"b:61:39:61:63:61:63:61:83":1,"b:62:8:67:Infinity:undefined:undefined:undefined:undefined":2,"s:62:8:67:Infinity":30,"s:63:27:65:Infinity":31,"s:66:10:66:Infinity":32,"f:66:42:66:47":6,"s:66:52:66:96":33,"b:66:52:66:76:66:76:66:96":3,"b:68:8:68:Infinity:undefined:undefined:undefined:undefined":4,"s:68:8:68:Infinity":34,"s:68:21:68:Infinity":35,"s:71:8:71:Infinity":36,"s:73:8:73:Infinity":37,"s:77:4:77:Infinity":38,"s:78:4:78:Infinity":39,"b:81:2:81:Infinity:undefined:undefined:undefined:undefined":5,"s:81:2:81:Infinity":40,"s:81:15:81:Infinity":41,"b:82:2:82:Infinity:undefined:undefined:undefined:undefined":6,"s:82:2:82:Infinity":42,"s:82:14:82:Infinity":43,"s:84:2:206:Infinity":44,"b:86:7:86:Infinity:87:8:90:Infinity":7,"f:93:37:93:52":7,"s:93:52:93:65":45,"b:97:11:97:Infinity:98:12:104:11":8,"b:106:13:106:30:106:30:106:Infinity":9,"f:113:29:113:33":8,"s:114:16:114:Infinity":46,"b:119:15:119:Infinity:120:16:120:Infinity":10,"f:120:82:120:86":9,"s:120:91:120:97":47,"b:122:15:122:Infinity:123:16:123:Infinity":11,"f:123:76:123:80":10,"s:123:85:123:91":48,"b:125:15:125:Infinity:126:16:126:Infinity":12,"f:126:89:126:93":11,"s:126:98:126:104":49,"b:128:15:128:Infinity:129:16:129:Infinity":13,"f:129:95:129:99":12,"s:129:104:129:110":50,"b:132:13:132:Infinity:133:14:135:Infinity":14,"f:133:46:133:61":13,"s:133:61:133:82":51,"b:140:9:140:Infinity:141:10:161:Infinity":15,"f:144:20:144:24":14,"s:145:16:158:Infinity":52,"b:147:20:152:21:152:20:154:19":16,"b:164:9:164:Infinity:165:10:189:Infinity":17,"f:168:23:168:27":15,"s:169:16:186:Infinity":53,"f:172:18:172:33":16,"s:172:33:172:Infinity":54,"b:175:20:180:21:180:20:182:19":18,"b:193:7:193:Infinity:194:8:204:Infinity":19,"f:194:39:194:54":17,"s:194:54:194:Infinity":55,"f:195:43:195:52":18,"s:195:57:195:Infinity":56,"f:196:46:196:61":19,"s:196:61:196:84":57},"fnNames":{}}}
,"/Users/soporte/MovieFinder/src/components/MovieGrid.tsx": {"path":"/Users/soporte/MovieFinder/src/components/MovieGrid.tsx","statementMap":{"0":{"start":{"line":10,"column":2},"end":{"line":15,"column":null}},"1":{"start":{"line":13,"column":8},"end":{"line":13,"column":null}}},"fnMap":{"0":{"name":"MovieGrid","decl":{"start":{"line":9,"column":9},"end":{"line":9,"column":19}},"loc":{"start":{"line":9,"column":62},"end":{"line":17,"column":null}},"line":9},"1":{"name":"(anonymous_1)","decl":{"start":{"line":12,"column":14},"end":{"line":12,"column":19}},"loc":{"start":{"line":13,"column":8},"end":{"line":13,"column":null}},"line":13}},"branchMap":{},"s":{"0":4,"1":5},"f":{"0":4,"1":5},"b":{},"meta":{"lastBranch":0,"lastFunction":2,"lastStatement":2,"seen":{"f:9:9:9:19":0,"s:10:2:15:Infinity":0,"f:12:14:12:19":1,"s:13:8:13:Infinity":1},"fnNames":{}}}
,"/Users/soporte/MovieFinder/src/components/Pagination.tsx": {"path":"/Users/soporte/MovieFinder/src/components/Pagination.tsx","statementMap":{"0":{"start":{"line":8,"column":2},"end":{"line":27,"column":null}},"1":{"start":{"line":12,"column":23},"end":{"line":12,"column":null}},"2":{"start":{"line":22,"column":23},"end":{"line":22,"column":null}}},"fnMap":{"0":{"name":"Pagination","decl":{"start":{"line":7,"column":9},"end":{"line":7,"column":20}},"loc":{"start":{"line":7,"column":80},"end":{"line":29,"column":null}},"line":7},"1":{"name":"(anonymous_1)","decl":{"start":{"line":12,"column":8},"end":{"line":12,"column":23}},"loc":{"start":{"line":12,"column":23},"end":{"line":12,"column":null}},"line":12},"2":{"name":"(anonymous_2)","decl":{"start":{"line":22,"column":8},"end":{"line":22,"column":23}},"loc":{"start":{"line":22,"column":23},"end":{"line":22,"column":null}},"line":22}},"branchMap":{},"s":{"0":6,"1":1,"2":1},"f":{"0":6,"1":1,"2":1},"b":{},"meta":{"lastBranch":0,"lastFunction":3,"lastStatement":3,"seen":{"f:7:9:7:20":0,"s:8:2:27:Infinity":0,"f:12:8:12:23":1,"s:12:23:12:Infinity":1,"f:22:8:22:23":2,"s:22:23:22:Infinity":2},"fnNames":{}}}
,"/Users/soporte/MovieFinder/src/components/SearchBar.tsx": {"path":"/Users/soporte/MovieFinder/src/components/SearchBar.tsx","statementMap":{"0":{"start":{"line":7,"column":2},"end":{"line":15,"column":null}},"1":{"start":{"line":13,"column":25},"end":{"line":13,"column":null}}},"fnMap":{"0":{"name":"SearchBar","decl":{"start":{"line":6,"column":9},"end":{"line":6,"column":19}},"loc":{"start":{"line":6,"column":61},"end":{"line":17,"column":null}},"line":6},"1":{"name":"(anonymous_1)","decl":{"start":{"line":13,"column":8},"end":{"line":13,"column":19}},"loc":{"start":{"line":13,"column":25},"end":{"line":13,"column":null}},"line":13}},"branchMap":{},"s":{"0":2,"1":4},"f":{"0":2,"1":4},"b":{},"meta":{"lastBranch":0,"lastFunction":2,"lastStatement":2,"seen":{"f:6:9:6:19":0,"s:7:2:15:Infinity":0,"f:13:8:13:19":1,"s:13:25:13:Infinity":1},"fnNames":{}}}
}
